Thu Nov 23 2017 21:50:04 GMT+0530 (India Standard Time) GET/Thu Nov 23 2017 21:50:05 GMT+0530 (India Standard Time) GET/Thu Nov 23 2017 21:50:06 GMT+0530 (India Standard Time) GET/aboutThu Nov 23 2017 21:56:14 GMT+0530 (India Standard Time)GET/about
Thu Nov 23 2017 21:56:16 GMT+0530 (India Standard Time)GET/
Thu Nov 23 2017 21:56:17 GMT+0530 (India Standard Time)GET/about
Thu Nov 23 2017 21:59:59 GMT+0530 (India Standard Time)GET/about
Thu Nov 23 2017 22:00:01 GMT+0530 (India Standard Time)GET/about
Thu Nov 23 2017 22:00:01 GMT+0530 (India Standard Time)GET/about
Thu Nov 23 2017 22:00:02 GMT+0530 (India Standard Time)GET/
Thu Nov 23 2017 22:00:03 GMT+0530 (India Standard Time)GET/about
Thu Nov 23 2017 22:00:04 GMT+0530 (India Standard Time)GET/
Thu Nov 23 2017 22:00:04 GMT+0530 (India Standard Time)GET/about
Thu Nov 23 2017 22:00:05 GMT+0530 (India Standard Time)GET/
Thu Nov 23 2017 22:05:46 GMT+0530 (India Standard Time)GET/
Thu Nov 23 2017 22:05:48 GMT+0530 (India Standard Time)GET/about
Thu Nov 23 2017 22:05:48 GMT+0530 (India Standard Time)GET/
Thu Nov 23 2017 22:06:17 GMT+0530 (India Standard Time)GET/
Thu Nov 23 2017 22:06:19 GMT+0530 (India Standard Time)GET/about
Thu Nov 23 2017 22:07:16 GMT+0530 (India Standard Time)GET/about
Thu Nov 23 2017 22:07:17 GMT+0530 (India Standard Time)GET/about
Thu Nov 23 2017 22:07:17 GMT+0530 (India Standard Time)GET/
Thu Nov 23 2017 22:07:18 GMT+0530 (India Standard Time)GET/about
Thu Nov 23 2017 22:07:19 GMT+0530 (India Standard Time)GET/
Thu Nov 23 2017 22:07:20 GMT+0530 (India Standard Time)GET/about
Thu Nov 23 2017 22:07:21 GMT+0530 (India Standard Time)GET/
Thu Nov 23 2017 22:07:22 GMT+0530 (India Standard Time)GET/about
Thu Nov 23 2017 22:07:22 GMT+0530 (India Standard Time)GET/
Thu Nov 23 2017 22:07:36 GMT+0530 (India Standard Time)GET/
Thu Nov 23 2017 22:07:36 GMT+0530 (India Standard Time)GET/
Thu Nov 23 2017 22:07:38 GMT+0530 (India Standard Time)GET/
Thu Nov 23 2017 22:07:38 GMT+0530 (India Standard Time)GET/about
Thu Nov 23 2017 22:09:47 GMT+0530 (India Standard Time)GET/public
Thu Nov 23 2017 22:09:57 GMT+0530 (India Standard Time)GET/help.html
